1609507893081	geckodriver	INFO	Listening on 127.0.0.1:55760
1609507896134	mozrunner::runner	INFO	Running command: "C:\\Program Files\\Mozilla Firefox\\firefox.exe" "--marionette" "-foreground" "-no-remote" "-profile" "C:\\Users\\aaadh\\AppData\\Local\\Temp\\rust_mozprofilecyZjNn"
console.warn: SearchSettings: "get: No settings file exists, new profile?" (new Error("", "(unknown module)"))
1609507897811	Marionette	INFO	Listening on port 55770
1609507898199	Marionette	WARN	TLS certificate errors will be ignored for this session

###!!! [Child][MessageChannel] Error: (msgtype=0x3A015D,name=PContent::Msg_CommitWindowContextTransaction) Closed channel: cannot send/recv


###!!! [Child][MessageChannel] Error: (msgtype=0x3A00D2,name=PContent::Msg_SetGeolocationHigherAccuracy) Closed channel: cannot send/recv

JavaScript error: resource://gre/modules/AsyncShutdown.jsm, line 716: Error: Phase "Sqlite.jsm: wait until all connections are closed" is finished, it is too late to register completion condition "protections.sqlite#0: waiting for shutdown"
1609508960824	geckodriver	INFO	Listening on 127.0.0.1:56202
1609508963854	mozrunner::runner	INFO	Running command: "C:\\Program Files\\Mozilla Firefox\\firefox.exe" "--marionette" "-foreground" "-no-remote" "-profile" "C:\\Users\\aaadh\\AppData\\Local\\Temp\\rust_mozprofileq1KLuU"
console.warn: SearchSettings: "get: No settings file exists, new profile?" (new Error("", "(unknown module)"))
1609508965557	Marionette	INFO	Listening on port 56211
1609508965924	Marionette	WARN	TLS certificate errors will be ignored for this session

###!!! [Child][RunMessage] Error: Channel closing: too late to send/recv, messages will be lost

1609509017612	Marionette	INFO	Stopped listening on port 56211

###!!! [Child][RunMessage] Error: Channel closing: too late to send/recv, messages will be lost

1609692369738	geckodriver	INFO	Listening on 127.0.0.1:56195
1609692372782	mozrunner::runner	INFO	Running command: "C:\\Program Files\\Mozilla Firefox\\firefox.exe" "--marionette" "-foreground" "-no-remote" "-profile" "C:\\Users\\aaadh\\AppData\\Local\\Temp\\rust_mozprofileuLAKur"
console.warn: SearchSettings: "get: No settings file exists, new profile?" (new Error("", "(unknown module)"))
1609692374430	Marionette	INFO	Listening on port 56203
1609692374832	Marionette	WARN	TLS certificate errors will be ignored for this session
1609692409411	geckodriver	INFO	Listening on 127.0.0.1:56276
1609692412488	mozrunner::runner	INFO	Running command: "C:\\Program Files\\Mozilla Firefox\\firefox.exe" "--marionette" "-foreground" "-no-remote" "-profile" "C:\\Users\\aaadh\\AppData\\Local\\Temp\\rust_mozprofileOW3O2f"
console.warn: SearchSettings: "get: No settings file exists, new profile?" (new Error("", "(unknown module)"))
1609692414679	Marionette	INFO	Listening on port 56284
JavaScript error: resource://activity-stream/lib/ASRouter.jsm, line 987: NS_ERROR_ILLEGAL_VALUE: Component returned failure code: 0x80070057 (NS_ERROR_ILLEGAL_VALUE) [nsIObserverService.removeObserver]
console.error: Region.jsm: "Error fetching region" (new TypeError("NetworkError when attempting to fetch resource.", ""))
console.error: Region.jsm: "Failed to fetch region" (new Error("NO_RESULT", "resource://gre/modules/Region.jsm", 376))
1609692415194	Marionette	INFO	Stopped listening on port 56284

###!!! [Child][RunMessage] Error: Channel closing: too late to send/recv, messages will be lost

