1609497817253	geckodriver	INFO	Listening on 127.0.0.1:64611
1609497820306	mozrunner::runner	INFO	Running command: "C:\\Program Files\\Mozilla Firefox\\firefox.exe" "--marionette" "-foreground" "-no-remote" "-profile" "C:\\Users\\aaadh\\AppData\\Local\\Temp\\rust_mozprofileaAg12A"
console.warn: SearchSettings: "get: No settings file exists, new profile?" (new Error("", "(unknown module)"))
1609497822088	Marionette	INFO	Listening on port 64620
1609497822369	Marionette	WARN	TLS certificate errors will be ignored for this session
1609497826642	Marionette	INFO	Stopped listening on port 64620
JavaScript error: resource://activity-stream/lib/ASRouter.jsm, line 987: NS_ERROR_ILLEGAL_VALUE: Component returned failure code: 0x80070057 (NS_ERROR_ILLEGAL_VALUE) [nsIObserverService.removeObserver]

###!!! [Child][RunMessage] Error: Channel closing: too late to send/recv, messages will be lost


###!!! [Child][RunMessage] Error: Channel closing: too late to send/recv, messages will be lost


###!!! [Child][RunMessage] Error: Channel closing: too late to send/recv, messages will be lost

1609498278940	geckodriver	INFO	Listening on 127.0.0.1:64896
1609498282018	mozrunner::runner	INFO	Running command: "C:\\Program Files\\Mozilla Firefox\\firefox.exe" "--marionette" "-foreground" "-no-remote" "-profile" "C:\\Users\\aaadh\\AppData\\Local\\Temp\\rust_mozprofiletUzZuF"
console.warn: SearchSettings: "get: No settings file exists, new profile?" (new Error("", "(unknown module)"))
1609498283698	Marionette	INFO	Listening on port 64904
1609498284053	Marionette	WARN	TLS certificate errors will be ignored for this session
1609498287702	Marionette	INFO	Stopped listening on port 64904
[Child 19508, Chrome_ChildThread] WARNING: pipe error: 232: file /builds/worker/checkouts/gecko/ipc/chromium/src/chrome/common/ipc_channel_win.cc:545
[Child 19508, Chrome_ChildThread] WARNING: pipe error: 232: file /builds/worker/checkouts/gecko/ipc/chromium/src/chrome/common/ipc_channel_win.cc:545
[Child 19508, Chrome_ChildThread] WARNING: pipe error: 232: file /builds/worker/checkouts/gecko/ipc/chromium/src/chrome/common/ipc_channel_win.cc:545
[Child 19508, Chrome_ChildThread] WARNING: pipe error: 232: file /builds/worker/checkouts/gecko/ipc/chromium/src/chrome/common/ipc_channel_win.cc:545

###!!! [Child][RunMessage] Error: Channel closing: too late to send/recv, messages will be lost

1609498296662	geckodriver	INFO	Listening on 127.0.0.1:64953
1609498299722	mozrunner::runner	INFO	Running command: "C:\\Program Files\\Mozilla Firefox\\firefox.exe" "--marionette" "-foreground" "-no-remote" "-profile" "C:\\Users\\aaadh\\AppData\\Local\\Temp\\rust_mozprofiletdzjHE"
console.warn: SearchSettings: "get: No settings file exists, new profile?" (new Error("", "(unknown module)"))
1609498301328	Marionette	INFO	Listening on port 64963
1609498301764	Marionette	WARN	TLS certificate errors will be ignored for this session
console.warn: LoginRecipes: "getRecipes: falling back to a synchronous message for:" "http://localhost:4200"
console.warn: LoginRecipes: "getRecipes: falling back to a synchronous message for:" "http://localhost:4200"
IPDL protocol error: Handler returned error code!

###!!! [Parent][DispatchAsyncMessage] Error: PLayerTransaction::Msg_ReleaseLayer Processing error: message was deserialized, but the handler returned false (indicating failure)

IPDL protocol error: Handler returned error code!

###!!! [Parent][DispatchAsyncMessage] Error: PLayerTransaction::Msg_ReleaseLayer Processing error: message was deserialized, but the handler returned false (indicating failure)

IPDL protocol error: Handler returned error code!

###!!! [Parent][DispatchAsyncMessage] Error: PLayerTransaction::Msg_ReleaseLayer Processing error: message was deserialized, but the handle1609498934420	Marionette	INFO	Stopped listening on port 65209

###!!! [Child][RunMessage] Error: Channel closing: too late to send/recv, messages will be lost

leaseLayer Processing error: message was deserialized, but the handler returned false (indicating failure)

IPDL protocol error: Handler returned error code!

###!!! [Parent][DispatchAsyncMessage] Error: PLayerTransaction::Msg_ReleaseLayer Processing error: message was deserialized, but the handler returned false (indicating failure)

1609498934428	Marionette	INFO	Stopped listening on port 64963

###!!! [Child][RunMessage] Error: Channel closing: too late to send/recv, messages will be lost

1609498956665	geckodriver	INFO	Listening on 127.0.0.1:65479
1609498959783	mozrunner::runner	INFO	Running command: "C:\\Program Files\\Mozilla Firefox\\firefox.exe" "--marionette" "-foreground" "-no-remote" "-profile" "C:\\Users\\aaadh\\AppData\\Local\\Temp\\rust_mozprofileai8105"
console.warn: SearchSettings: "get: No settings file exists, new profile?" (new Error("", "(unknown module)"))
1609498961304	Marionette	INFO	Listening on port 65492
1609498961345	Marionette	WARN	TLS certificate errors will be ignored for this session
1609499927745	Marionette	INFO	Stopped listening on port 65492

###!!! [Child][RunMessage] Error: Channel closing: too late to send/recv, messages will be lost


###!!! [Child][RunMessage] Error: Channel closing: too late to send/recv, messages will be lost


###!!! [Child][RunMessage] Error: Channel closing: too late to send/recv, messages will be lost

("", "(unknown module)"))
1609499045467	Marionette	INFO	Listening on port 49246
1609499045990	Marionette	WARN	TLS certificate errors will be ignored for this session
1609499574329	addons.xpi	ERROR	System addon update list error Error: Failed downloading XML, status: 0, reason: timeout
IPDL protocol error: Handler returned error code!

###!!! [Parent][DispatchAsyncMessage] Error: PLayerTransaction::Msg_ReleaseLayer Processing error: message was deserialized, but the handler returned false (indicating failure)

IPDL protocol error: Handler returned error code!

###!!! [Parent][DispatchAsyncMessage] Error: PLayerTransaction::Msg_ReleaseLayer Processing error: message was deserialized, but the handler returned false (indicating failure)

1609499927836	Marionette	INFO	Stopped listening on port 49246

###!!! [Child][RunMessage] Error: Channel closing: too late to send/recv, messages will be lost

js, line 508: TypeError: this.node.walkerFront is null
JavaScript error: resource://devtools/client/inspector/markup/views/element-editor.js, line 508: TypeError: this.node.walkerFront is null
JavaScript error: resource://devtools/client/inspector/markup/views/element-editor.js, line 508: TypeError: this.node.walkerFront is null
JavaScript error: resource://devtools/client/inspector/markup/views/element-editor.js, line 508: TypeError: this.node.walkerFront is null
IPDL protocol error: Handler returned error code!

###!!! [Parent][DispatchAsyncMessage] Error: PLayerTransaction::Msg_ReleaseLayer Processing error: message was deserialized, but the handler returned false (indicating failure)

IPDL protocol error: Handler returned error code!

###!!! [Parent][DispatchAsyncMessage] Error: PLayerTransaction::Msg_ReleaseLayer Processing error: message was deserialized, but the handler returned false (indicating failure)

IPDL protocol error: Handler returned error code!

###!!! [Parent][1609499927777	Marionette	INFO	Stopped listening on port 49738
r Processing error: message was deserialized, but the handler returned false (indicating failure)

IPDL protocol error: Handler returned error code!

###!!! [Parent][DispatchAsyncMessage] Error: PLayerTransaction::Msg_ReleaseLayer Processing error: message was deserialized, but the handler returned false (indicating failure)

IPDL protocol error: Handler returned error code!

###!!! [Parent][DispatchAsyncMessage] Error: PLayerTransaction::Msg_ReleaseLayer Proc1609499927775	Marionette	INFO	Stopped listening on port 49886

###!!! [Child][RunMessage] Error: Channel closing: too late to send/recv, messages will be lost

DispatchAsyncMessage] Error: PLayerTransaction::Msg_ReleaseLayer Processing error: message was deserialized, but the handler returned false (indicating failure)

IPDL protocol error: Handler returned error code!

###!!! [Parent][DispatchAsyncMessage] Error: PLayerTransaction::Msg_ReleaseLayer Processing error: message was deserialized, but the handler returned false (indicating failure)

IPDL protocol error: Handler returned error code!

###!!! [Parent][DispatchAsyncMessage] Error: PLayerTransaction::Msg_ReleaseLayer Processing error: message was deserialized, but the handler returned false (indicating failure)

IPDL protocol error: Handler returned error code!

###!!! [Parent][DispatchAsyncMessage] Error: PLayerTransaction::Msg_ReleaseLayer Processing error: message was deserialized, but the handler returned false (indicating failure)

1609499927868	Marionette	INFO	Stopped liste1609499927903	Marionette	INFO	Stopped listening on port 50158

###!!! [Child][RunMessage] Error: Channel closing: too late to send/recv, messages will be lost

1609499927989	Marionette	INFO	Stopped listening on port 50009

###!!! [Child][RunMessage] Error: Channel closing: too late to send/recv, messages will be lost

1609499939523	geckodriver	INFO	Listening on 127.0.0.1:50268
1609499942594	mozrunner::runner	INFO	Running command: "C:\\Program Files\\Mozilla Firefox\\firefox.exe" "--marionette" "-foreground" "-no-remote" "-profile" "C:\\Users\\aaadh\\AppData\\Local\\Temp\\rust_mozprofilebBEsEH"
console.warn: SearchSettings: "get: No settings file exists, new profile?" (new Error("", "(unknown module)"))
1609499944161	Marionette	INFO	Listening on port 50278
1609499944627	Marionette	WARN	TLS certificate errors will be ignored for this session
IPDL protocol error: Handler returned error code!

###!!! [Parent][DispatchAsyncMessage] Error: PLayerTransaction::Msg_ReleaseLayer Processing error: message was deserialized, but the handler returned false (indicating failure)

IPDL protocol error: Handler returned error code!

###!!! [Parent][DispatchAsyncMessage] Error: PLayerTransaction::Msg_ReleaseLayer Processing error: message was deserialized, but the handler returned false (indicating failure)

IPDL protocol error: Handler returned error code!

###!!! [Parent][DispatchAsyncMessage] Error: PLayerTransaction::Msg_ReleaseLayer Processing error: message was deserialized, but the handler returned false (indicating failure)

[Parent 20912, Gecko_IOThread] WARNING: pipe error: 232: file /builds/worker/checkouts/gecko/ipc/chromium/src/chrome/common/ipc_channel_win.cc:545
[Parent 20912, Gecko_IOThread] WARNING: pipe error: 232: file /builds/worker/checkouts/gecko/ipc/chromium/src/chrome/common/ipc_channel_win.cc:545
1609500038834	Marionette	INFO	Stopped listening on port 50278

###!!! [Child][RunMessage] Error: Channel closing: too late to send/recv, messages will be lost

1609500072371	geckodriver	INFO	Listening on 127.0.0.1:50465
1609500075431	mozrunner::runner	INFO	Running command: "C:\\Program Files\\Mozilla Firefox\\firefox.exe" "--marionette" "-foreground" "-no-remote" "-profile" "C:\\Users\\aaadh\\AppData\\Local\\Temp\\rust_mozprofileHSsUh6"
console.warn: SearchSettings: "get: No settings file exists, new profile?" (new Error("", "(unknown module)"))
1609500076907	Marionette	INFO	Listening on port 50474
1609500076967	Marionette	WARN	TLS certificate errors will be ignored for this session
console.error: (new TypeError("container.node.targetFront is null", "resource://devtools/client/inspector/markup/markup.js", 2252))
console.error: (new TypeError("container.node.targetFront is null", "resource://devtools/client/inspector/markup/markup.js", 2252))
JavaScript error: resource://devtools/client/inspector/markup/views/element-editor.js, line 508: TypeError: this.node.walkerFront is null
JavaScript error: resource://devtools/client/inspector/markup/views/element-editor.js, line 508: TypeError: this.node.walkerFront is null
1609500426958	Marionette	INFO	Stopped listening on port 50474

###!!! [Child][RunMessage] Error: Channel closing: too late to send/recv, messages will be lost

"--marionette" "-foreground" "-no-remote" "-profile" "C:\\Users\\aaadh\\AppData\\Local\\Temp\\rust_mozprofilepn6RJh"
console.warn: SearchSettings: "get: No settings file exists, new profile?" (new Error("", "(unknown module)"))
1609500321777	Marionette	INFO	Listening on port 50677
1609500322294	Marionette	WARN	TLS certificate errors will be ignored for this session
1609500425585	Marionette	INFO	Stopped listening on port 50677

###!!! [Child][RunMessage] Error: Channel closing: too late to send/recv, messages will be lost

1609500531632	geckodriver	INFO	Listening on 127.0.0.1:50860
1609500534719	mozrunner::runner	INFO	Running command: "C:\\Program Files\\Mozilla Firefox\\firefox.exe" "--marionette" "-foreground" "-no-remote" "-profile" "C:\\Users\\aaadh\\AppData\\Local\\Temp\\rust_mozprofile1SnQUV"
console.warn: SearchSettings: "get: No settings file exists, new profile?" (new Error("", "(unknown module)"))
1609500536284	Marionette	INFO	Listening on port 50871
1609500536775	Marionette	WARN	TLS certificate errors will be ignored for this session
1609502891754	Marionette	INFO	Stopped listening on port 50871
9500582542	mozrunner::runner	INFO	Running command: "C:\\Program Files\\Mozilla Firefox\\firefox.exe" "--marionette" "-foreground" "-no-remote" "-profile" "C:\\Users\\aaadh\\AppData\\Local\\Temp\\rust_mozprofileXeWS4g"
console.warn: SearchSettings: "get: No settings file exists, new profile?" (new Error("", "(unknown module)"))
1609500584446	Marionette	INFO	Listening on port 50966
1609500584613	Marionette	WARN	TLS certificate errors will be ignored for this session

###!!! [Parent][MessageChannel] Error: (msgtype=0x1F0011,name=PBackgroundStorage::Msg_Observe) Channel error: cannot send/recv


###!!! [Parent][MessageChannel] Error: (msgtype=0x1F0011,name=PBackgroundStorage::Msg_Observe) Channel error: cannot send/recv

1609502892565	Marionette	INFO	Stopped listening on port 50966
s file exists, new profile?" (new Error("", "(unknown module)"))
1609500679113	Marionette	INFO	Listening on port 51176
1609500679612	Marionette	WARN	TLS certificate errors will be ignored for this session
1609502896283	Marionette	INFO	Stopped listening on port 51176
9500746653	mozrunner::runner	INFO	Running command: "C:\\Program Files\\Mozilla Firefox\\firefox.exe" "--marionette" "-foreground" "-no-remote" "-profile" "C:\\Users\\aaadh\\AppData\\Local\\Temp\\rust_mozprofilet1tXNC"
console.warn: SearchSettings: "get: No settings file exists, new profile?" (new Error("", "(unknown module)"))
1609500748241	Marionette	INFO	Listening on port 51307
1609500748723	Marionette	WARN	TLS certificate errors will be ignored for this session
console.error: Region.jsm: "Error fetching region" (new Error("TIMEOUT", "resource://gre/modules/Region.jsm", 726))
console.error: Region.jsm: "Failed to fetch region" (new Error("TIMEOUT", "resource://gre/modules/Region.jsm", 376))
1609502896304	Marionette	INFO	Stopped listening on port 51307
9501037146	mozrunner::runner	INFO	Running command: "C:\\Program Files\\Mozilla Firefox\\firefox.exe" "--marionette" "-foreground" "-no-remote" "-profile" "C:\\Users\\aaadh\\AppData\\Local\\Temp\\rust_mozprofilezlBO1n"
console.warn: SearchSettings: "get: No settings file exists, new profile?" (new Error("", "(unknown module)"))
1609501039071	Marionette	INFO	Listening on port 51591
1609501039184	Marionette	WARN	TLS certificate errors will be ignored for this session
1609502896214	Marionette	INFO	Stopped listening on port 51591

###!!! [Child][RunMessage] Error: Channel closing: too late to send/recv, messages will be lost

"--marionette" "-foreground" "-no-remote" "-profile" "C:\\Users\\aaadh\\AppData\\Local\\Temp\\rust_mozprofileCGEUWn"
console.warn: SearchSettings: "get: No settings file exists, new profile?" (new Error("", "(unknown module)"))
1609501113782	Marionette	INFO	Listening on port 51721
1609501114222	Marionette	WARN	TLS certificate errors will be ignored for this session
1609501642566	addons.xpi	ERROR	System addon update list error Error: Failed downloading XML, status: 0, reason: timeout
1609502896207	Marionette	INFO	Stopped listening on port 51721
eground" "-no-remote" "-profile" "C:\\Users\\aaadh\\AppData\\Local\\Temp\\rust_mozprofilejCpl4W"
console.warn: SearchSettings: "get: No settings file exists, new profile?" (new Error("", "(unknown module)"))
1609501366149	Marionette	INFO	Listening on port 52004
1609501366509	Marionette	WARN	TLS certificate errors will be ignored for this session
1609502896272	Marionette	INFO	Stopped listening on port 52004
9501570872	mozrunner::runner	INFO	Running command: "C:\\Program Files\\Mozilla Firefox\\firefox.exe" "--marionette" "-foreground" "-no-remote" "-profile" "C:\\Users\\aaadh\\AppData\\Local\\Temp\\rust_mozprofilePyK4T4"
console.warn: SearchSettings: "get: No settings file exists, new profile?" (new Error("", "(unknown module)"))
1609501572461	Marionette	INFO	Listening on port 52202
1609501572923	Marionette	WARN	TLS certificate errors will be ignored for this session
1609502896459	Marionette	INFO	Stopped listening on port 52202
9502100170	mozrunner::runner	INFO	Running command: "C:\\Program Files\\Mozilla Firefox\\firefox.exe" "--marionette" "-foreground" "-no-remote" "-profile" "C:\\Users\\aaadh\\AppData\\Local\\Temp\\rust_mozprofile9WllJ7"
console.warn: SearchSettings: "get: No settings file exists, new profile?" (new Error("", "(unknown module)"))
1609502101796	Marionette	INFO	Listening on port 52594
1609502102219	Marionette	WARN	TLS certificate errors will be ignored for this session

###!!! [Child][RunMessage] Error: Channel closing: too late to send/recv, messages will be lost

1609502896201	Marionette	INFO	Stopped listening on port 52594
"--marionette" "-foreground" "-no-remote" "-profile" "C:\\Users\\aaadh\\AppData\\Local\\Temp\\rust_mozprofile3mw5Hj"
console.warn: SearchSettings: "get: No settings file exists, new profile?" (new Error("", "(unknown module)"))
1609502310281	Marionette	INFO	Listening on port 52848
1609502310733	Marionette	WARN	TLS certificate errors will be ignored for this session

###!!! [Child][RunMessage] Error: Channel closing: too late to send/recv, messages will be lost

1609502896464	Marionette	INFO	Stopped listening on port 52848
"--marionette" "-foreground" "-no-remote" "-profile" "C:\\Users\\aaadh\\AppData\\Local\\Temp\\rust_mozprofileOfRzfR"
console.warn: SearchSettings: "get: No settings file exists, new profile?" (new Error("", "(unknown module)"))
1609502358602	Marionette	INFO	Listening on port 52951
1609502358778	Marionette	WARN	TLS certificate errors will be ignored for this session
1609502896431	Marionette	INFO	Stopped listening on port 52951

###!!! [Child][RunMessage] Error: Channel closing: too late to send/recv, messages will be lost

"--marionette" "-foreground" "-no-remote" "-profile" "C:\\Users\\aaadh\\AppData\\Local\\Temp\\rust_mozprofilecHZVLw"
console.warn: SearchSettings: "get: No settings file exists, new profile?" (new Error("", "(unknown module)"))
1609502657181	Marionette	INFO	Listening on port 53415
1609502657604	Marionette	WARN	TLS certificate errors will be ignored for this session
1609502895890	Marionette	INFO	Stopped listening on port 53415

###!!! [Child][RunMessage] Error: Channel closing: too late to send/recv, messages will be lost

